0 info it worked if it ends with ok
1 verbose cli [ '/usr/bin/nodejs', '/usr/bin/npm', 'install' ]
2 info using npm@3.5.2
3 info using node@v4.2.6
4 silly loadCurrentTree Starting
5 silly install loadCurrentTree
6 silly install readLocalPackageData
7 silly install normalizeTree
8 silly loadCurrentTree Finishing
9 silly loadIdealTree Starting
10 silly install loadIdealTree
11 silly cloneCurrentTree Starting
12 silly install cloneCurrentTreeToIdealTree
13 silly cloneCurrentTree Finishing
14 silly loadShrinkwrap Starting
15 silly install loadShrinkwrap
16 silly loadShrinkwrap Finishing
17 silly loadAllDepsIntoIdealTree Starting
18 silly install loadAllDepsIntoIdealTree
19 silly fetchNamedPackageData fsevents
20 silly mapToRegistry name fsevents
21 silly mapToRegistry using default registry
22 silly mapToRegistry registry https://registry.npmjs.org/
23 silly mapToRegistry uri https://registry.npmjs.org/fsevents
24 verbose request uri https://registry.npmjs.org/fsevents
25 verbose request no auth needed
26 info attempt registry request try #1 at 1:47:44 AM
27 verbose request id 55315719ccd762d9
28 verbose etag W/"bcffea2f69aac7abfa570bf3b20de6a0"
29 verbose lastModified Fri, 18 Jan 2019 15:54:31 GMT
30 http request GET https://registry.npmjs.org/fsevents
31 http 304 https://registry.npmjs.org/fsevents
32 verbose headers { date: 'Sat, 09 Feb 2019 09:47:44 GMT',
32 verbose headers   connection: 'keep-alive',
32 verbose headers   'set-cookie': [ '__cfduid=d8bda881ae969f88e04b184518f48e67c1549705664; expires=Sun, 09-Feb-20 09:47:44 GMT; path=/; domain=.registry.npmjs.org; HttpOnly' ],
32 verbose headers   'cf-cache-status': 'HIT',
32 verbose headers   'cache-control': 'max-age=300',
32 verbose headers   'cf-ray': '4a656a943e56c374-SIN',
32 verbose headers   etag: '"bcffea2f69aac7abfa570bf3b20de6a0"',
32 verbose headers   'expect-ct': 'max-age=604800, report-uri="https://report-uri.cloudflare.com/cdn-cgi/beacon/expect-ct"',
32 verbose headers   'last-modified': 'Fri, 18 Jan 2019 15:54:31 GMT',
32 verbose headers   vary: 'accept-encoding, accept',
32 verbose headers   'x-amz-meta-rev': '98-f5c810ab87c5a9d4100da1fba1ab6a54',
32 verbose headers   server: 'cloudflare' }
33 silly get cb [ 304,
33 silly get   { date: 'Sat, 09 Feb 2019 09:47:44 GMT',
33 silly get     connection: 'keep-alive',
33 silly get     'set-cookie': [ '__cfduid=d8bda881ae969f88e04b184518f48e67c1549705664; expires=Sun, 09-Feb-20 09:47:44 GMT; path=/; domain=.registry.npmjs.org; HttpOnly' ],
33 silly get     'cf-cache-status': 'HIT',
33 silly get     'cache-control': 'max-age=300',
33 silly get     'cf-ray': '4a656a943e56c374-SIN',
33 silly get     etag: '"bcffea2f69aac7abfa570bf3b20de6a0"',
33 silly get     'expect-ct': 'max-age=604800, report-uri="https://report-uri.cloudflare.com/cdn-cgi/beacon/expect-ct"',
33 silly get     'last-modified': 'Fri, 18 Jan 2019 15:54:31 GMT',
33 silly get     vary: 'accept-encoding, accept',
33 silly get     'x-amz-meta-rev': '98-f5c810ab87c5a9d4100da1fba1ab6a54',
33 silly get     server: 'cloudflare' } ]
34 verbose etag https://registry.npmjs.org/fsevents from cache
35 verbose get saving fsevents to /home/mithu/.npm/registry.npmjs.org/fsevents/.cache.json
36 silly resolveWithNewModule fsevents@1.2.7 checking installable status
37 silly fetchNamedPackageData fsevents
38 silly mapToRegistry name fsevents
39 silly mapToRegistry using default registry
40 silly mapToRegistry registry https://registry.npmjs.org/
41 silly mapToRegistry uri https://registry.npmjs.org/fsevents
42 silly resolveWithNewModule fsevents@1.2.7 checking installable status
43 silly loadAllDepsIntoIdealTree Finishing
44 silly idealTree:prePrune angular-seed@0.0.0
44 silly idealTree:prePrune ├── @types/node@6.14.0
44 silly idealTree:prePrune ├── @types/q@0.0.32
44 silly idealTree:prePrune ├── @types/selenium-webdriver@3.0.12
44 silly idealTree:prePrune ├── accepts@1.3.5
44 silly idealTree:prePrune ├── adm-zip@0.4.11
44 silly idealTree:prePrune ├── after@0.8.2
44 silly idealTree:prePrune ├── agent-base@4.2.1
44 silly idealTree:prePrune ├── ajv@5.5.2
44 silly idealTree:prePrune ├── angular-loader@1.7.5
44 silly idealTree:prePrune ├── angular-mocks@1.7.5
44 silly idealTree:prePrune ├── angular-route@1.7.5
44 silly idealTree:prePrune ├── angular@1.7.5
44 silly idealTree:prePrune ├── ansi-regex@2.1.1
44 silly idealTree:prePrune ├── ansi-styles@2.2.1
44 silly idealTree:prePrune ├── anymatch@1.3.2
44 silly idealTree:prePrune ├── arr-diff@2.0.0
44 silly idealTree:prePrune ├── arr-flatten@1.1.0
44 silly idealTree:prePrune ├── arr-union@3.1.0
44 silly idealTree:prePrune ├── array-filter@0.0.1
44 silly idealTree:prePrune ├── array-map@0.0.0
44 silly idealTree:prePrune ├── array-reduce@0.0.0
44 silly idealTree:prePrune ├── array-slice@0.2.3
44 silly idealTree:prePrune ├── array-union@1.0.2
44 silly idealTree:prePrune ├── array-uniq@1.0.3
44 silly idealTree:prePrune ├── array-unique@0.2.1
44 silly idealTree:prePrune ├── arraybuffer.slice@0.0.7
44 silly idealTree:prePrune ├── arrify@1.0.1
44 silly idealTree:prePrune ├── asn1@0.2.4
44 silly idealTree:prePrune ├── assert-plus@1.0.0
44 silly idealTree:prePrune ├── assign-symbols@1.0.0
44 silly idealTree:prePrune ├── async-each@1.0.1
44 silly idealTree:prePrune ├── async-limiter@1.0.0
44 silly idealTree:prePrune ├── async@1.5.2
44 silly idealTree:prePrune ├── asynckit@0.4.0
44 silly idealTree:prePrune ├── atob@2.1.2
44 silly idealTree:prePrune ├── aws-sign2@0.7.0
44 silly idealTree:prePrune ├── aws4@1.8.0
44 silly idealTree:prePrune ├── babel-runtime@6.26.0
44 silly idealTree:prePrune ├── backo2@1.0.2
44 silly idealTree:prePrune ├── balanced-match@1.0.0
44 silly idealTree:prePrune ├─┬ base@0.11.2
44 silly idealTree:prePrune │ ├── define-property@1.0.0
44 silly idealTree:prePrune │ ├── is-accessor-descriptor@1.0.0
44 silly idealTree:prePrune │ ├── is-data-descriptor@1.0.0
44 silly idealTree:prePrune │ ├── is-descriptor@1.0.2
44 silly idealTree:prePrune │ ├── isobject@3.0.1
44 silly idealTree:prePrune │ └── kind-of@6.0.2
44 silly idealTree:prePrune ├── base64-arraybuffer@0.1.5
44 silly idealTree:prePrune ├── base64id@1.0.0
44 silly idealTree:prePrune ├── bcrypt-pbkdf@1.0.2
44 silly idealTree:prePrune ├── better-assert@1.0.2
44 silly idealTree:prePrune ├── binary-extensions@1.12.0
44 silly idealTree:prePrune ├── blob@0.0.4
44 silly idealTree:prePrune ├─┬ blocking-proxy@1.0.1
44 silly idealTree:prePrune │ └── minimist@1.2.0
44 silly idealTree:prePrune ├── bluebird@3.5.2
44 silly idealTree:prePrune ├─┬ body-parser@1.18.3
44 silly idealTree:prePrune │ └── qs@6.5.2
44 silly idealTree:prePrune ├── brace-expansion@1.1.11
44 silly idealTree:prePrune ├── braces@1.8.5
44 silly idealTree:prePrune ├── browserstack@1.5.1
44 silly idealTree:prePrune ├── buffer-alloc-unsafe@1.1.0
44 silly idealTree:prePrune ├── buffer-alloc@1.2.0
44 silly idealTree:prePrune ├── buffer-fill@1.0.0
44 silly idealTree:prePrune ├── bytes@3.0.0
44 silly idealTree:prePrune ├─┬ cache-base@1.0.1
44 silly idealTree:prePrune │ └── isobject@3.0.1
44 silly idealTree:prePrune ├── callsite@1.0.0
44 silly idealTree:prePrune ├── caseless@0.12.0
44 silly idealTree:prePrune ├── chalk@1.1.3
44 silly idealTree:prePrune ├── chokidar@1.7.0
44 silly idealTree:prePrune ├── circular-json@0.5.9
44 silly idealTree:prePrune ├─┬ class-utils@0.3.6
44 silly idealTree:prePrune │ ├── define-property@0.2.5
44 silly idealTree:prePrune │ └── isobject@3.0.1
44 silly idealTree:prePrune ├── co@4.6.0
44 silly idealTree:prePrune ├── collection-visit@1.0.0
44 silly idealTree:prePrune ├── colors@1.0.3
44 silly idealTree:prePrune ├─┬ combine-lists@1.0.1
44 silly idealTree:prePrune │ └── lodash@4.17.11
44 silly idealTree:prePrune ├── combined-stream@1.0.7
44 silly idealTree:prePrune ├── component-bind@1.0.0
44 silly idealTree:prePrune ├── component-emitter@1.2.1
44 silly idealTree:prePrune ├── component-inherit@0.0.3
44 silly idealTree:prePrune ├── concat-map@0.0.1
44 silly idealTree:prePrune ├── connect@3.6.6
44 silly idealTree:prePrune ├── content-type@1.0.4
44 silly idealTree:prePrune ├── cookie@0.3.1
44 silly idealTree:prePrune ├── copy-descriptor@0.1.1
44 silly idealTree:prePrune ├── core-js@2.5.7
44 silly idealTree:prePrune ├── core-util-is@1.0.2
44 silly idealTree:prePrune ├── corser@2.0.1
44 silly idealTree:prePrune ├── cpx@1.5.0
44 silly idealTree:prePrune ├── custom-event@1.0.1
44 silly idealTree:prePrune ├── dashdash@1.14.1
44 silly idealTree:prePrune ├── date-format@1.2.0
44 silly idealTree:prePrune ├── debug@2.6.9
44 silly idealTree:prePrune ├── decode-uri-component@0.2.0
44 silly idealTree:prePrune ├─┬ define-property@2.0.2
44 silly idealTree:prePrune │ ├── is-accessor-descriptor@1.0.0
44 silly idealTree:prePrune │ ├── is-data-descriptor@1.0.0
44 silly idealTree:prePrune │ ├── is-descriptor@1.0.2
44 silly idealTree:prePrune │ ├── isobject@3.0.1
44 silly idealTree:prePrune │ └── kind-of@6.0.2
44 silly idealTree:prePrune ├── del@2.2.2
44 silly idealTree:prePrune ├── delayed-stream@1.0.0
44 silly idealTree:prePrune ├── depd@1.1.2
44 silly idealTree:prePrune ├── di@0.0.1
44 silly idealTree:prePrune ├── dom-serialize@2.2.1
44 silly idealTree:prePrune ├── duplexer@0.1.1
44 silly idealTree:prePrune ├── ecc-jsbn@0.1.2
44 silly idealTree:prePrune ├─┬ ecstatic@3.3.0
44 silly idealTree:prePrune │ └── minimist@1.2.0
44 silly idealTree:prePrune ├── ee-first@1.1.1
44 silly idealTree:prePrune ├── encodeurl@1.0.2
44 silly idealTree:prePrune ├─┬ engine.io-client@3.2.1
44 silly idealTree:prePrune │ ├── debug@3.1.0
44 silly idealTree:prePrune │ ├── ultron@1.1.1
44 silly idealTree:prePrune │ └── ws@3.3.3
44 silly idealTree:prePrune ├── engine.io-parser@2.1.2
44 silly idealTree:prePrune ├─┬ engine.io@3.2.0
44 silly idealTree:prePrune │ ├── debug@3.1.0
44 silly idealTree:prePrune │ ├── ultron@1.1.1
44 silly idealTree:prePrune │ └── ws@3.3.3
44 silly idealTree:prePrune ├── ent@2.2.0
44 silly idealTree:prePrune ├── es6-promise@4.2.5
44 silly idealTree:prePrune ├── es6-promisify@5.0.0
44 silly idealTree:prePrune ├── escape-html@1.0.3
44 silly idealTree:prePrune ├── escape-string-regexp@1.0.5
44 silly idealTree:prePrune ├── eventemitter3@3.1.0
44 silly idealTree:prePrune ├── exit@0.1.2
44 silly idealTree:prePrune ├─┬ expand-braces@0.1.2
44 silly idealTree:prePrune │ ├── braces@0.1.5
44 silly idealTree:prePrune │ ├── expand-range@0.1.1
44 silly idealTree:prePrune │ ├── is-number@0.1.1
44 silly idealTree:prePrune │ └── repeat-string@0.2.2
44 silly idealTree:prePrune ├── expand-brackets@0.1.5
44 silly idealTree:prePrune ├── expand-range@1.8.2
44 silly idealTree:prePrune ├─┬ extend-shallow@3.0.2
44 silly idealTree:prePrune │ └── is-extendable@1.0.1
44 silly idealTree:prePrune ├── extend@3.0.2
44 silly idealTree:prePrune ├── extglob@0.3.2
44 silly idealTree:prePrune ├── extsprintf@1.3.0
44 silly idealTree:prePrune ├── fast-deep-equal@1.1.0
44 silly idealTree:prePrune ├── fast-json-stable-stringify@2.0.0
44 silly idealTree:prePrune ├── filename-regex@2.0.1
44 silly idealTree:prePrune ├── fill-range@2.2.4
44 silly idealTree:prePrune ├─┬ finalhandler@1.1.0
44 silly idealTree:prePrune │ └── statuses@1.3.1
44 silly idealTree:prePrune ├── find-index@0.1.1
44 silly idealTree:prePrune ├─┬ follow-redirects@1.5.9
44 silly idealTree:prePrune │ └── debug@3.1.0
44 silly idealTree:prePrune ├── for-in@1.0.2
44 silly idealTree:prePrune ├── for-own@0.1.5
44 silly idealTree:prePrune ├── forever-agent@0.6.1
44 silly idealTree:prePrune ├── form-data@2.3.3
44 silly idealTree:prePrune ├── fragment-cache@0.2.1
44 silly idealTree:prePrune ├── fs-access@1.0.1
44 silly idealTree:prePrune ├── fs.realpath@1.0.0
44 silly idealTree:prePrune ├── get-value@2.0.6
44 silly idealTree:prePrune ├── getpass@0.1.7
44 silly idealTree:prePrune ├── glob-base@0.3.0
44 silly idealTree:prePrune ├── glob-parent@2.0.0
44 silly idealTree:prePrune ├── glob@7.1.3
44 silly idealTree:prePrune ├── glob2base@0.0.12
44 silly idealTree:prePrune ├── globby@5.0.0
44 silly idealTree:prePrune ├── graceful-fs@4.1.11
44 silly idealTree:prePrune ├── har-schema@2.0.0
44 silly idealTree:prePrune ├── har-validator@5.1.0
44 silly idealTree:prePrune ├── has-ansi@2.0.0
44 silly idealTree:prePrune ├─┬ has-binary2@1.0.3
44 silly idealTree:prePrune │ └── isarray@2.0.1
44 silly idealTree:prePrune ├── has-cors@1.1.0
44 silly idealTree:prePrune ├─┬ has-value@1.0.0
44 silly idealTree:prePrune │ └── isobject@3.0.1
44 silly idealTree:prePrune ├─┬ has-values@1.0.0
44 silly idealTree:prePrune │ ├─┬ is-number@3.0.0
44 silly idealTree:prePrune │ │ └── kind-of@3.2.2
44 silly idealTree:prePrune │ └── kind-of@4.0.0
44 silly idealTree:prePrune ├── he@1.2.0
44 silly idealTree:prePrune ├── html5-boilerplate@0.0.1
44 silly idealTree:prePrune ├── http-errors@1.6.3
44 silly idealTree:prePrune ├── http-proxy@1.17.0
44 silly idealTree:prePrune ├── http-server@0.11.1
44 silly idealTree:prePrune ├── http-signature@1.2.0
44 silly idealTree:prePrune ├─┬ https-proxy-agent@2.2.1
44 silly idealTree:prePrune │ ├── debug@3.2.6
44 silly idealTree:prePrune │ └── ms@2.1.1
44 silly idealTree:prePrune ├── iconv-lite@0.4.23
44 silly idealTree:prePrune ├── immediate@3.0.6
44 silly idealTree:prePrune ├── indexof@0.0.1
44 silly idealTree:prePrune ├── inflight@1.0.6
44 silly idealTree:prePrune ├── inherits@2.0.3
44 silly idealTree:prePrune ├── ini@1.3.5
44 silly idealTree:prePrune ├── is-accessor-descriptor@0.1.6
44 silly idealTree:prePrune ├── is-binary-path@1.0.1
44 silly idealTree:prePrune ├── is-buffer@1.1.6
44 silly idealTree:prePrune ├── is-data-descriptor@0.1.4
44 silly idealTree:prePrune ├─┬ is-descriptor@0.1.6
44 silly idealTree:prePrune │ └── kind-of@5.1.0
44 silly idealTree:prePrune ├── is-dotfile@1.0.3
44 silly idealTree:prePrune ├── is-equal-shallow@0.1.3
44 silly idealTree:prePrune ├── is-extendable@0.1.1
44 silly idealTree:prePrune ├── is-extglob@1.0.0
44 silly idealTree:prePrune ├── is-glob@2.0.1
44 silly idealTree:prePrune ├── is-number@2.1.0
44 silly idealTree:prePrune ├── is-path-cwd@1.0.0
44 silly idealTree:prePrune ├── is-path-in-cwd@1.0.1
44 silly idealTree:prePrune ├── is-path-inside@1.0.1
44 silly idealTree:prePrune ├─┬ is-plain-object@2.0.4
44 silly idealTree:prePrune │ └── isobject@3.0.1
44 silly idealTree:prePrune ├── is-posix-bracket@0.1.1
44 silly idealTree:prePrune ├── is-primitive@2.0.0
44 silly idealTree:prePrune ├── is-typedarray@1.0.0
44 silly idealTree:prePrune ├── is-windows@1.0.2
44 silly idealTree:prePrune ├── isarray@1.0.0
44 silly idealTree:prePrune ├── isbinaryfile@3.0.3
44 silly idealTree:prePrune ├── isexe@2.0.0
44 silly idealTree:prePrune ├── isobject@2.1.0
44 silly idealTree:prePrune ├── isstream@0.1.2
44 silly idealTree:prePrune ├── jasmine-core@3.3.0
44 silly idealTree:prePrune ├── jasminewd2@2.2.0
44 silly idealTree:prePrune ├── jsbn@0.1.1
44 silly idealTree:prePrune ├── json-schema-traverse@0.3.1
44 silly idealTree:prePrune ├── json-schema@0.2.3
44 silly idealTree:prePrune ├── json-stringify-safe@5.0.1
44 silly idealTree:prePrune ├── jsonify@0.0.0
44 silly idealTree:prePrune ├── jsprim@1.4.1
44 silly idealTree:prePrune ├─┬ jszip@3.1.5
44 silly idealTree:prePrune │ ├── core-js@2.3.0
44 silly idealTree:prePrune │ ├── es6-promise@3.0.2
44 silly idealTree:prePrune │ ├── process-nextick-args@1.0.7
44 silly idealTree:prePrune │ ├── readable-stream@2.0.6
44 silly idealTree:prePrune │ └── string_decoder@0.10.31
44 silly idealTree:prePrune ├── karma-chrome-launcher@2.2.0
44 silly idealTree:prePrune ├── karma-firefox-launcher@1.1.0
44 silly idealTree:prePrune ├── karma-jasmine@1.1.2
44 silly idealTree:prePrune ├─┬ karma@3.1.1
44 silly idealTree:prePrune │ ├── anymatch@2.0.0
44 silly idealTree:prePrune │ ├── arr-diff@4.0.0
44 silly idealTree:prePrune │ ├── array-unique@0.3.2
44 silly idealTree:prePrune │ ├─┬ braces@2.3.2
44 silly idealTree:prePrune │ │ └── extend-shallow@2.0.1
44 silly idealTree:prePrune │ ├── chokidar@2.0.4
44 silly idealTree:prePrune │ ├── colors@1.3.2
44 silly idealTree:prePrune │ ├─┬ expand-brackets@2.1.4
44 silly idealTree:prePrune │ │ ├── define-property@0.2.5
44 silly idealTree:prePrune │ │ ├── extend-shallow@2.0.1
44 silly idealTree:prePrune │ │ ├─┬ is-accessor-descriptor@0.1.6
44 silly idealTree:prePrune │ │ │ └── kind-of@3.2.2
44 silly idealTree:prePrune │ │ ├─┬ is-data-descriptor@0.1.4
44 silly idealTree:prePrune │ │ │ └── kind-of@3.2.2
44 silly idealTree:prePrune │ │ ├── is-descriptor@0.1.6
44 silly idealTree:prePrune │ │ └── kind-of@5.1.0
44 silly idealTree:prePrune │ ├─┬ extglob@2.0.4
44 silly idealTree:prePrune │ │ ├── define-property@1.0.0
44 silly idealTree:prePrune │ │ └── extend-shallow@2.0.1
44 silly idealTree:prePrune │ ├─┬ fill-range@4.0.0
44 silly idealTree:prePrune │ │ └── extend-shallow@2.0.1
44 silly idealTree:prePrune │ ├─┬ glob-parent@3.1.0
44 silly idealTree:prePrune │ │ └── is-glob@3.1.0
44 silly idealTree:prePrune │ ├── is-accessor-descriptor@1.0.0
44 silly idealTree:prePrune │ ├── is-data-descriptor@1.0.0
44 silly idealTree:prePrune │ ├── is-descriptor@1.0.2
44 silly idealTree:prePrune │ ├── is-extglob@2.1.1
44 silly idealTree:prePrune │ ├── is-glob@4.0.0
44 silly idealTree:prePrune │ ├─┬ is-number@3.0.0
44 silly idealTree:prePrune │ │ └── kind-of@3.2.2
44 silly idealTree:prePrune │ ├── isobject@3.0.1
44 silly idealTree:prePrune │ ├── kind-of@6.0.2
44 silly idealTree:prePrune │ ├── lodash@4.17.11
44 silly idealTree:prePrune │ ├── micromatch@3.1.10
44 silly idealTree:prePrune │ ├── mime@2.3.1
44 silly idealTree:prePrune │ └── source-map@0.6.1
44 silly idealTree:prePrune ├── kind-of@3.2.2
44 silly idealTree:prePrune ├── lie@3.1.1
44 silly idealTree:prePrune ├── lodash.debounce@4.0.8
44 silly idealTree:prePrune ├─┬ log4js@3.0.6
44 silly idealTree:prePrune │ ├── debug@3.2.6
44 silly idealTree:prePrune │ └── ms@2.1.1
44 silly idealTree:prePrune ├── lru-cache@2.2.4
44 silly idealTree:prePrune ├── map-cache@0.2.2
44 silly idealTree:prePrune ├── map-visit@1.0.0
44 silly idealTree:prePrune ├── math-random@1.0.4
44 silly idealTree:prePrune ├── media-typer@0.3.0
44 silly idealTree:prePrune ├── micromatch@2.3.11
44 silly idealTree:prePrune ├── mime-db@1.37.0
44 silly idealTree:prePrune ├── mime-types@2.1.21
44 silly idealTree:prePrune ├── mime@1.6.0
44 silly idealTree:prePrune ├── minimatch@3.0.4
44 silly idealTree:prePrune ├── minimist@0.0.8
44 silly idealTree:prePrune ├─┬ mixin-deep@1.3.1
44 silly idealTree:prePrune │ └── is-extendable@1.0.1
44 silly idealTree:prePrune ├── mkdirp@0.5.1
44 silly idealTree:prePrune ├── ms@2.0.0
44 silly idealTree:prePrune ├─┬ nanomatch@1.2.13
44 silly idealTree:prePrune │ ├── arr-diff@4.0.0
44 silly idealTree:prePrune │ ├── array-unique@0.3.2
44 silly idealTree:prePrune │ └── kind-of@6.0.2
44 silly idealTree:prePrune ├── negotiator@0.6.1
44 silly idealTree:prePrune ├── normalize-path@2.1.1
44 silly idealTree:prePrune ├── null-check@1.0.0
44 silly idealTree:prePrune ├── oauth-sign@0.9.0
44 silly idealTree:prePrune ├── object-assign@4.1.1
44 silly idealTree:prePrune ├── object-component@0.0.3
44 silly idealTree:prePrune ├─┬ object-copy@0.1.0
44 silly idealTree:prePrune │ └── define-property@0.2.5
44 silly idealTree:prePrune ├─┬ object-visit@1.0.1
44 silly idealTree:prePrune │ └── isobject@3.0.1
44 silly idealTree:prePrune ├── object.omit@2.0.1
44 silly idealTree:prePrune ├─┬ object.pick@1.3.0
44 silly idealTree:prePrune │ └── isobject@3.0.1
44 silly idealTree:prePrune ├── on-finished@2.3.0
44 silly idealTree:prePrune ├── once@1.4.0
44 silly idealTree:prePrune ├── opener@1.4.3
44 silly idealTree:prePrune ├── optimist@0.6.1
44 silly idealTree:prePrune ├── os-tmpdir@1.0.2
44 silly idealTree:prePrune ├── pako@1.0.6
44 silly idealTree:prePrune ├── parse-glob@3.0.4
44 silly idealTree:prePrune ├── parseqs@0.0.5
44 silly idealTree:prePrune ├── parseuri@0.0.5
44 silly idealTree:prePrune ├── parseurl@1.3.2
44 silly idealTree:prePrune ├── pascalcase@0.1.1
44 silly idealTree:prePrune ├── path-dirname@1.0.2
44 silly idealTree:prePrune ├── path-is-absolute@1.0.1
44 silly idealTree:prePrune ├── path-is-inside@1.0.2
44 silly idealTree:prePrune ├── path-parse@1.0.6
44 silly idealTree:prePrune ├── performance-now@2.1.0
44 silly idealTree:prePrune ├── pify@2.3.0
44 silly idealTree:prePrune ├── pinkie-promise@2.0.1
44 silly idealTree:prePrune ├── pinkie@2.0.4
44 silly idealTree:prePrune ├── portfinder@1.0.19
44 silly idealTree:prePrune ├── posix-character-classes@0.1.1
44 silly idealTree:prePrune ├── preserve@0.2.0
44 silly idealTree:prePrune ├── process-nextick-args@2.0.0
44 silly idealTree:prePrune ├─┬ protractor@5.4.1
44 silly idealTree:prePrune │ ├── jasmine-core@2.8.0
44 silly idealTree:prePrune │ ├── jasmine@2.8.0
44 silly idealTree:prePrune │ ├── minimist@1.2.0
44 silly idealTree:prePrune │ └── webdriver-manager@12.1.0
44 silly idealTree:prePrune ├── psl@1.1.29
44 silly idealTree:prePrune ├── punycode@1.4.1
44 silly idealTree:prePrune ├── q@1.4.1
44 silly idealTree:prePrune ├── qjobs@1.2.0
44 silly idealTree:prePrune ├── qs@2.3.3
44 silly idealTree:prePrune ├─┬ randomatic@3.1.1
44 silly idealTree:prePrune │ ├── is-number@4.0.0
44 silly idealTree:prePrune │ └── kind-of@6.0.2
44 silly idealTree:prePrune ├── range-parser@1.2.0
44 silly idealTree:prePrune ├── raw-body@2.3.3
44 silly idealTree:prePrune ├── readable-stream@2.3.6
44 silly idealTree:prePrune ├─┬ readdirp@2.2.1
44 silly idealTree:prePrune │ ├── arr-diff@4.0.0
44 silly idealTree:prePrune │ ├── array-unique@0.3.2
44 silly idealTree:prePrune │ ├─┬ braces@2.3.2
44 silly idealTree:prePrune │ │ └── extend-shallow@2.0.1
44 silly idealTree:prePrune │ ├─┬ expand-brackets@2.1.4
44 silly idealTree:prePrune │ │ ├── define-property@0.2.5
44 silly idealTree:prePrune │ │ ├── extend-shallow@2.0.1
44 silly idealTree:prePrune │ │ ├─┬ is-accessor-descriptor@0.1.6
44 silly idealTree:prePrune │ │ │ └── kind-of@3.2.2
44 silly idealTree:prePrune │ │ ├─┬ is-data-descriptor@0.1.4
44 silly idealTree:prePrune │ │ │ └── kind-of@3.2.2
44 silly idealTree:prePrune │ │ ├── is-descriptor@0.1.6
44 silly idealTree:prePrune │ │ └── kind-of@5.1.0
44 silly idealTree:prePrune │ ├─┬ extglob@2.0.4
44 silly idealTree:prePrune │ │ ├── define-property@1.0.0
44 silly idealTree:prePrune │ │ └── extend-shallow@2.0.1
44 silly idealTree:prePrune │ ├─┬ fill-range@4.0.0
44 silly idealTree:prePrune │ │ └── extend-shallow@2.0.1
44 silly idealTree:prePrune │ ├── is-accessor-descriptor@1.0.0
44 silly idealTree:prePrune │ ├── is-data-descriptor@1.0.0
44 silly idealTree:prePrune │ ├── is-descriptor@1.0.2
44 silly idealTree:prePrune │ ├─┬ is-number@3.0.0
44 silly idealTree:prePrune │ │ └── kind-of@3.2.2
44 silly idealTree:prePrune │ ├── isobject@3.0.1
44 silly idealTree:prePrune │ ├── kind-of@6.0.2
44 silly idealTree:prePrune │ └── micromatch@3.1.10
44 silly idealTree:prePrune ├── regenerator-runtime@0.11.1
44 silly idealTree:prePrune ├── regex-cache@0.4.4
44 silly idealTree:prePrune ├── regex-not@1.0.2
44 silly idealTree:prePrune ├── remove-trailing-separator@1.1.0
44 silly idealTree:prePrune ├── repeat-element@1.1.3
44 silly idealTree:prePrune ├── repeat-string@1.6.1
44 silly idealTree:prePrune ├─┬ request@2.88.0
44 silly idealTree:prePrune │ └── qs@6.5.2
44 silly idealTree:prePrune ├── requires-port@1.0.0
44 silly idealTree:prePrune ├── resolve-url@0.2.1
44 silly idealTree:prePrune ├── resolve@1.10.0
44 silly idealTree:prePrune ├── ret@0.1.15
44 silly idealTree:prePrune ├── rfdc@1.1.2
44 silly idealTree:prePrune ├── rimraf@2.6.2
44 silly idealTree:prePrune ├── safe-buffer@5.1.2
44 silly idealTree:prePrune ├── safe-regex@1.1.0
44 silly idealTree:prePrune ├── safer-buffer@2.1.2
44 silly idealTree:prePrune ├── saucelabs@1.5.0
44 silly idealTree:prePrune ├── sax@1.2.4
44 silly idealTree:prePrune ├─┬ selenium-webdriver@3.6.0
44 silly idealTree:prePrune │ └── tmp@0.0.30
44 silly idealTree:prePrune ├── semver@5.6.0
44 silly idealTree:prePrune ├─┬ set-value@2.0.0
44 silly idealTree:prePrune │ └── extend-shallow@2.0.1
44 silly idealTree:prePrune ├── setprototypeof@1.1.0
44 silly idealTree:prePrune ├── shell-quote@1.6.1
44 silly idealTree:prePrune ├─┬ snapdragon-node@2.1.1
44 silly idealTree:prePrune │ ├── define-property@1.0.0
44 silly idealTree:prePrune │ ├── is-accessor-descriptor@1.0.0
44 silly idealTree:prePrune │ ├── is-data-descriptor@1.0.0
44 silly idealTree:prePrune │ ├── is-descriptor@1.0.2
44 silly idealTree:prePrune │ ├── isobject@3.0.1
44 silly idealTree:prePrune │ └── kind-of@6.0.2
44 silly idealTree:prePrune ├── snapdragon-util@3.0.1
44 silly idealTree:prePrune ├─┬ snapdragon@0.8.2
44 silly idealTree:prePrune │ ├── define-property@0.2.5
44 silly idealTree:prePrune │ └── extend-shallow@2.0.1
44 silly idealTree:prePrune ├── socket.io-adapter@1.1.1
44 silly idealTree:prePrune ├─┬ socket.io-client@2.1.1
44 silly idealTree:prePrune │ └── debug@3.1.0
44 silly idealTree:prePrune ├─┬ socket.io-parser@3.2.0
44 silly idealTree:prePrune │ ├── debug@3.1.0
44 silly idealTree:prePrune │ └── isarray@2.0.1
44 silly idealTree:prePrune ├─┬ socket.io@2.1.1
44 silly idealTree:prePrune │ └── debug@3.1.0
44 silly idealTree:prePrune ├── source-map-resolve@0.5.2
44 silly idealTree:prePrune ├── source-map-support@0.4.18
44 silly idealTree:prePrune ├── source-map-url@0.4.0
44 silly idealTree:prePrune ├── source-map@0.5.7
44 silly idealTree:prePrune ├── split-string@3.1.0
44 silly idealTree:prePrune ├── sshpk@1.15.1
44 silly idealTree:prePrune ├─┬ static-extend@0.1.2
44 silly idealTree:prePrune │ └── define-property@0.2.5
44 silly idealTree:prePrune ├── statuses@1.5.0
44 silly idealTree:prePrune ├─┬ streamroller@0.7.0
44 silly idealTree:prePrune │ ├── debug@3.2.6
44 silly idealTree:prePrune │ └── ms@2.1.1
44 silly idealTree:prePrune ├── string_decoder@1.1.1
44 silly idealTree:prePrune ├── strip-ansi@3.0.1
44 silly idealTree:prePrune ├─┬ subarg@1.0.0
44 silly idealTree:prePrune │ └── minimist@1.2.0
44 silly idealTree:prePrune ├── supports-color@2.0.0
44 silly idealTree:prePrune ├── tmp@0.0.33
44 silly idealTree:prePrune ├── to-array@0.1.4
44 silly idealTree:prePrune ├── to-object-path@0.3.0
44 silly idealTree:prePrune ├─┬ to-regex-range@2.1.1
44 silly idealTree:prePrune │ └── is-number@3.0.0
44 silly idealTree:prePrune ├── to-regex@3.0.2
44 silly idealTree:prePrune ├── tough-cookie@2.4.3
44 silly idealTree:prePrune ├── tunnel-agent@0.6.0
44 silly idealTree:prePrune ├── tweetnacl@0.14.5
44 silly idealTree:prePrune ├── type-is@1.6.16
44 silly idealTree:prePrune ├─┬ union-value@1.0.0
44 silly idealTree:prePrune │ ├── extend-shallow@2.0.1
44 silly idealTree:prePrune │ └── set-value@0.4.3
44 silly idealTree:prePrune ├── union@0.4.6
44 silly idealTree:prePrune ├── unpipe@1.0.0
44 silly idealTree:prePrune ├─┬ unset-value@1.0.0
44 silly idealTree:prePrune │ ├─┬ has-value@0.3.1
44 silly idealTree:prePrune │ │ └── isobject@2.1.0
44 silly idealTree:prePrune │ ├── has-values@0.1.4
44 silly idealTree:prePrune │ └── isobject@3.0.1
44 silly idealTree:prePrune ├── upath@1.1.0
44 silly idealTree:prePrune ├── urix@0.1.0
44 silly idealTree:prePrune ├── url-join@2.0.5
44 silly idealTree:prePrune ├── use@3.1.1
44 silly idealTree:prePrune ├── useragent@2.2.1
44 silly idealTree:prePrune ├── util-deprecate@1.0.2
44 silly idealTree:prePrune ├── utils-merge@1.0.1
44 silly idealTree:prePrune ├── uuid@3.3.2
44 silly idealTree:prePrune ├── verror@1.10.0
44 silly idealTree:prePrune ├── void-elements@2.0.1
44 silly idealTree:prePrune ├── webdriver-js-extender@2.1.0
44 silly idealTree:prePrune ├── which@1.3.1
44 silly idealTree:prePrune ├── wordwrap@0.0.3
44 silly idealTree:prePrune ├── wrappy@1.0.2
44 silly idealTree:prePrune ├── xml2js@0.4.19
44 silly idealTree:prePrune ├── xmlbuilder@9.0.7
44 silly idealTree:prePrune ├── xmlhttprequest-ssl@1.5.5
44 silly idealTree:prePrune └── yeast@0.1.2
45 silly loadIdealTree Finishing
46 silly currentTree angular-seed@0.0.0
46 silly currentTree ├── @types/node@6.14.0
46 silly currentTree ├── @types/q@0.0.32
46 silly currentTree ├── @types/selenium-webdriver@3.0.12
46 silly currentTree ├── accepts@1.3.5
46 silly currentTree ├── adm-zip@0.4.11
46 silly currentTree ├── after@0.8.2
46 silly currentTree ├── agent-base@4.2.1
46 silly currentTree ├── ajv@5.5.2
46 silly currentTree ├── angular-loader@1.7.5
46 silly currentTree ├── angular-mocks@1.7.5
46 silly currentTree ├── angular-route@1.7.5
46 silly currentTree ├── angular@1.7.5
46 silly currentTree ├── ansi-regex@2.1.1
46 silly currentTree ├── ansi-styles@2.2.1
46 silly currentTree ├── anymatch@1.3.2
46 silly currentTree ├── arr-diff@2.0.0
46 silly currentTree ├── arr-flatten@1.1.0
46 silly currentTree ├── arr-union@3.1.0
46 silly currentTree ├── array-filter@0.0.1
46 silly currentTree ├── array-map@0.0.0
46 silly currentTree ├── array-reduce@0.0.0
46 silly currentTree ├── array-slice@0.2.3
46 silly currentTree ├── array-union@1.0.2
46 silly currentTree ├── array-uniq@1.0.3
46 silly currentTree ├── array-unique@0.2.1
46 silly currentTree ├── arraybuffer.slice@0.0.7
46 silly currentTree ├── arrify@1.0.1
46 silly currentTree ├── asn1@0.2.4
46 silly currentTree ├── assert-plus@1.0.0
46 silly currentTree ├── assign-symbols@1.0.0
46 silly currentTree ├── async-each@1.0.1
46 silly currentTree ├── async-limiter@1.0.0
46 silly currentTree ├── async@1.5.2
46 silly currentTree ├── asynckit@0.4.0
46 silly currentTree ├── atob@2.1.2
46 silly currentTree ├── aws-sign2@0.7.0
46 silly currentTree ├── aws4@1.8.0
46 silly currentTree ├── babel-runtime@6.26.0
46 silly currentTree ├── backo2@1.0.2
46 silly currentTree ├── balanced-match@1.0.0
46 silly currentTree ├─┬ base@0.11.2
46 silly currentTree │ ├── define-property@1.0.0
46 silly currentTree │ ├── is-accessor-descriptor@1.0.0
46 silly currentTree │ ├── is-data-descriptor@1.0.0
46 silly currentTree │ ├── is-descriptor@1.0.2
46 silly currentTree │ ├── isobject@3.0.1
46 silly currentTree │ └── kind-of@6.0.2
46 silly currentTree ├── base64-arraybuffer@0.1.5
46 silly currentTree ├── base64id@1.0.0
46 silly currentTree ├── bcrypt-pbkdf@1.0.2
46 silly currentTree ├── better-assert@1.0.2
46 silly currentTree ├── binary-extensions@1.12.0
46 silly currentTree ├── blob@0.0.4
46 silly currentTree ├─┬ blocking-proxy@1.0.1
46 silly currentTree │ └── minimist@1.2.0
46 silly currentTree ├── bluebird@3.5.2
46 silly currentTree ├─┬ body-parser@1.18.3
46 silly currentTree │ └── qs@6.5.2
46 silly currentTree ├── brace-expansion@1.1.11
46 silly currentTree ├── braces@1.8.5
46 silly currentTree ├── browserstack@1.5.1
46 silly currentTree ├── buffer-alloc-unsafe@1.1.0
46 silly currentTree ├── buffer-alloc@1.2.0
46 silly currentTree ├── buffer-fill@1.0.0
46 silly currentTree ├── bytes@3.0.0
46 silly currentTree ├─┬ cache-base@1.0.1
46 silly currentTree │ └── isobject@3.0.1
46 silly currentTree ├── callsite@1.0.0
46 silly currentTree ├── caseless@0.12.0
46 silly currentTree ├── chalk@1.1.3
46 silly currentTree ├── chokidar@1.7.0
46 silly currentTree ├── circular-json@0.5.9
46 silly currentTree ├─┬ class-utils@0.3.6
46 silly currentTree │ ├── define-property@0.2.5
46 silly currentTree │ └── isobject@3.0.1
46 silly currentTree ├── co@4.6.0
46 silly currentTree ├── collection-visit@1.0.0
46 silly currentTree ├── colors@1.0.3
46 silly currentTree ├─┬ combine-lists@1.0.1
46 silly currentTree │ └── lodash@4.17.11
46 silly currentTree ├── combined-stream@1.0.7
46 silly currentTree ├── component-bind@1.0.0
46 silly currentTree ├── component-emitter@1.2.1
46 silly currentTree ├── component-inherit@0.0.3
46 silly currentTree ├── concat-map@0.0.1
46 silly currentTree ├── connect@3.6.6
46 silly currentTree ├── content-type@1.0.4
46 silly currentTree ├── cookie@0.3.1
46 silly currentTree ├── copy-descriptor@0.1.1
46 silly currentTree ├── core-js@2.5.7
46 silly currentTree ├── core-util-is@1.0.2
46 silly currentTree ├── corser@2.0.1
46 silly currentTree ├── cpx@1.5.0
46 silly currentTree ├── custom-event@1.0.1
46 silly currentTree ├── dashdash@1.14.1
46 silly currentTree ├── date-format@1.2.0
46 silly currentTree ├── debug@2.6.9
46 silly currentTree ├── decode-uri-component@0.2.0
46 silly currentTree ├─┬ define-property@2.0.2
46 silly currentTree │ ├── is-accessor-descriptor@1.0.0
46 silly currentTree │ ├── is-data-descriptor@1.0.0
46 silly currentTree │ ├── is-descriptor@1.0.2
46 silly currentTree │ ├── isobject@3.0.1
46 silly currentTree │ └── kind-of@6.0.2
46 silly currentTree ├── del@2.2.2
46 silly currentTree ├── delayed-stream@1.0.0
46 silly currentTree ├── depd@1.1.2
46 silly currentTree ├── di@0.0.1
46 silly currentTree ├── dom-serialize@2.2.1
46 silly currentTree ├── duplexer@0.1.1
46 silly currentTree ├── ecc-jsbn@0.1.2
46 silly currentTree ├─┬ ecstatic@3.3.0
46 silly currentTree │ └── minimist@1.2.0
46 silly currentTree ├── ee-first@1.1.1
46 silly currentTree ├── encodeurl@1.0.2
46 silly currentTree ├─┬ engine.io-client@3.2.1
46 silly currentTree │ ├── debug@3.1.0
46 silly currentTree │ ├── ultron@1.1.1
46 silly currentTree │ └── ws@3.3.3
46 silly currentTree ├── engine.io-parser@2.1.2
46 silly currentTree ├─┬ engine.io@3.2.0
46 silly currentTree │ ├── debug@3.1.0
46 silly currentTree │ ├── ultron@1.1.1
46 silly currentTree │ └── ws@3.3.3
46 silly currentTree ├── ent@2.2.0
46 silly currentTree ├── es6-promise@4.2.5
46 silly currentTree ├── es6-promisify@5.0.0
46 silly currentTree ├── escape-html@1.0.3
46 silly currentTree ├── escape-string-regexp@1.0.5
46 silly currentTree ├── eventemitter3@3.1.0
46 silly currentTree ├── exit@0.1.2
46 silly currentTree ├─┬ expand-braces@0.1.2
46 silly currentTree │ ├── braces@0.1.5
46 silly currentTree │ ├── expand-range@0.1.1
46 silly currentTree │ ├── is-number@0.1.1
46 silly currentTree │ └── repeat-string@0.2.2
46 silly currentTree ├── expand-brackets@0.1.5
46 silly currentTree ├── expand-range@1.8.2
46 silly currentTree ├─┬ extend-shallow@3.0.2
46 silly currentTree │ └── is-extendable@1.0.1
46 silly currentTree ├── extend@3.0.2
46 silly currentTree ├── extglob@0.3.2
46 silly currentTree ├── extsprintf@1.3.0
46 silly currentTree ├── fast-deep-equal@1.1.0
46 silly currentTree ├── fast-json-stable-stringify@2.0.0
46 silly currentTree ├── filename-regex@2.0.1
46 silly currentTree ├── fill-range@2.2.4
46 silly currentTree ├─┬ finalhandler@1.1.0
46 silly currentTree │ └── statuses@1.3.1
46 silly currentTree ├── find-index@0.1.1
46 silly currentTree ├─┬ follow-redirects@1.5.9
46 silly currentTree │ └── debug@3.1.0
46 silly currentTree ├── for-in@1.0.2
46 silly currentTree ├── for-own@0.1.5
46 silly currentTree ├── forever-agent@0.6.1
46 silly currentTree ├── form-data@2.3.3
46 silly currentTree ├── fragment-cache@0.2.1
46 silly currentTree ├── fs-access@1.0.1
46 silly currentTree ├── fs.realpath@1.0.0
46 silly currentTree ├── get-value@2.0.6
46 silly currentTree ├── getpass@0.1.7
46 silly currentTree ├── glob-base@0.3.0
46 silly currentTree ├── glob-parent@2.0.0
46 silly currentTree ├── glob@7.1.3
46 silly currentTree ├── glob2base@0.0.12
46 silly currentTree ├── globby@5.0.0
46 silly currentTree ├── graceful-fs@4.1.11
46 silly currentTree ├── har-schema@2.0.0
46 silly currentTree ├── har-validator@5.1.0
46 silly currentTree ├── has-ansi@2.0.0
46 silly currentTree ├─┬ has-binary2@1.0.3
46 silly currentTree │ └── isarray@2.0.1
46 silly currentTree ├── has-cors@1.1.0
46 silly currentTree ├─┬ has-value@1.0.0
46 silly currentTree │ └── isobject@3.0.1
46 silly currentTree ├─┬ has-values@1.0.0
46 silly currentTree │ ├─┬ is-number@3.0.0
46 silly currentTree │ │ └── kind-of@3.2.2
46 silly currentTree │ └── kind-of@4.0.0
46 silly currentTree ├── he@1.2.0
46 silly currentTree ├── html5-boilerplate@0.0.1
46 silly currentTree ├── http-errors@1.6.3
46 silly currentTree ├── http-proxy@1.17.0
46 silly currentTree ├── http-server@0.11.1
46 silly currentTree ├── http-signature@1.2.0
46 silly currentTree ├─┬ https-proxy-agent@2.2.1
46 silly currentTree │ ├── debug@3.2.6
46 silly currentTree │ └── ms@2.1.1
46 silly currentTree ├── iconv-lite@0.4.23
46 silly currentTree ├── immediate@3.0.6
46 silly currentTree ├── indexof@0.0.1
46 silly currentTree ├── inflight@1.0.6
46 silly currentTree ├── inherits@2.0.3
46 silly currentTree ├── ini@1.3.5
46 silly currentTree ├── is-accessor-descriptor@0.1.6
46 silly currentTree ├── is-binary-path@1.0.1
46 silly currentTree ├── is-buffer@1.1.6
46 silly currentTree ├── is-data-descriptor@0.1.4
46 silly currentTree ├─┬ is-descriptor@0.1.6
46 silly currentTree │ └── kind-of@5.1.0
46 silly currentTree ├── is-dotfile@1.0.3
46 silly currentTree ├── is-equal-shallow@0.1.3
46 silly currentTree ├── is-extendable@0.1.1
46 silly currentTree ├── is-extglob@1.0.0
46 silly currentTree ├── is-glob@2.0.1
46 silly currentTree ├── is-number@2.1.0
46 silly currentTree ├── is-path-cwd@1.0.0
46 silly currentTree ├── is-path-in-cwd@1.0.1
46 silly currentTree ├── is-path-inside@1.0.1
46 silly currentTree ├─┬ is-plain-object@2.0.4
46 silly currentTree │ └── isobject@3.0.1
46 silly currentTree ├── is-posix-bracket@0.1.1
46 silly currentTree ├── is-primitive@2.0.0
46 silly currentTree ├── is-typedarray@1.0.0
46 silly currentTree ├── is-windows@1.0.2
46 silly currentTree ├── isarray@1.0.0
46 silly currentTree ├── isbinaryfile@3.0.3
46 silly currentTree ├── isexe@2.0.0
46 silly currentTree ├── isobject@2.1.0
46 silly currentTree ├── isstream@0.1.2
46 silly currentTree ├── jasmine-core@3.3.0
46 silly currentTree ├── jasminewd2@2.2.0
46 silly currentTree ├── jsbn@0.1.1
46 silly currentTree ├── json-schema-traverse@0.3.1
46 silly currentTree ├── json-schema@0.2.3
46 silly currentTree ├── json-stringify-safe@5.0.1
46 silly currentTree ├── jsonify@0.0.0
46 silly currentTree ├── jsprim@1.4.1
46 silly currentTree ├─┬ jszip@3.1.5
46 silly currentTree │ ├── core-js@2.3.0
46 silly currentTree │ ├── es6-promise@3.0.2
46 silly currentTree │ ├── process-nextick-args@1.0.7
46 silly currentTree │ ├── readable-stream@2.0.6
46 silly currentTree │ └── string_decoder@0.10.31
46 silly currentTree ├── karma-chrome-launcher@2.2.0
46 silly currentTree ├── karma-firefox-launcher@1.1.0
46 silly currentTree ├── karma-jasmine@1.1.2
46 silly currentTree ├─┬ karma@3.1.1
46 silly currentTree │ ├── anymatch@2.0.0
46 silly currentTree │ ├── arr-diff@4.0.0
46 silly currentTree │ ├── array-unique@0.3.2
46 silly currentTree │ ├─┬ braces@2.3.2
46 silly currentTree │ │ └── extend-shallow@2.0.1
46 silly currentTree │ ├── chokidar@2.0.4
46 silly currentTree │ ├── colors@1.3.2
46 silly currentTree │ ├─┬ expand-brackets@2.1.4
46 silly currentTree │ │ ├── define-property@0.2.5
46 silly currentTree │ │ ├── extend-shallow@2.0.1
46 silly currentTree │ │ ├─┬ is-accessor-descriptor@0.1.6
46 silly currentTree │ │ │ └── kind-of@3.2.2
46 silly currentTree │ │ ├─┬ is-data-descriptor@0.1.4
46 silly currentTree │ │ │ └── kind-of@3.2.2
46 silly currentTree │ │ ├── is-descriptor@0.1.6
46 silly currentTree │ │ └── kind-of@5.1.0
46 silly currentTree │ ├─┬ extglob@2.0.4
46 silly currentTree │ │ ├── define-property@1.0.0
46 silly currentTree │ │ └── extend-shallow@2.0.1
46 silly currentTree │ ├─┬ fill-range@4.0.0
46 silly currentTree │ │ └── extend-shallow@2.0.1
46 silly currentTree │ ├─┬ glob-parent@3.1.0
46 silly currentTree │ │ └── is-glob@3.1.0
46 silly currentTree │ ├── is-accessor-descriptor@1.0.0
46 silly currentTree │ ├── is-data-descriptor@1.0.0
46 silly currentTree │ ├── is-descriptor@1.0.2
46 silly currentTree │ ├── is-extglob@2.1.1
46 silly currentTree │ ├── is-glob@4.0.0
46 silly currentTree │ ├─┬ is-number@3.0.0
46 silly currentTree │ │ └── kind-of@3.2.2
46 silly currentTree │ ├── isobject@3.0.1
46 silly currentTree │ ├── kind-of@6.0.2
46 silly currentTree │ ├── lodash@4.17.11
46 silly currentTree │ ├── micromatch@3.1.10
46 silly currentTree │ ├── mime@2.3.1
46 silly currentTree │ └── source-map@0.6.1
46 silly currentTree ├── kind-of@3.2.2
46 silly currentTree ├── lie@3.1.1
46 silly currentTree ├── lodash.debounce@4.0.8
46 silly currentTree ├─┬ log4js@3.0.6
46 silly currentTree │ ├── debug@3.2.6
46 silly currentTree │ └── ms@2.1.1
46 silly currentTree ├── lru-cache@2.2.4
46 silly currentTree ├── map-cache@0.2.2
46 silly currentTree ├── map-visit@1.0.0
46 silly currentTree ├── math-random@1.0.4
46 silly currentTree ├── media-typer@0.3.0
46 silly currentTree ├── micromatch@2.3.11
46 silly currentTree ├── mime-db@1.37.0
46 silly currentTree ├── mime-types@2.1.21
46 silly currentTree ├── mime@1.6.0
46 silly currentTree ├── minimatch@3.0.4
46 silly currentTree ├── minimist@0.0.8
46 silly currentTree ├─┬ mixin-deep@1.3.1
46 silly currentTree │ └── is-extendable@1.0.1
46 silly currentTree ├── mkdirp@0.5.1
46 silly currentTree ├── ms@2.0.0
46 silly currentTree ├─┬ nanomatch@1.2.13
46 silly currentTree │ ├── arr-diff@4.0.0
46 silly currentTree │ ├── array-unique@0.3.2
46 silly currentTree │ └── kind-of@6.0.2
46 silly currentTree ├── negotiator@0.6.1
46 silly currentTree ├── normalize-path@2.1.1
46 silly currentTree ├── null-check@1.0.0
46 silly currentTree ├── oauth-sign@0.9.0
46 silly currentTree ├── object-assign@4.1.1
46 silly currentTree ├── object-component@0.0.3
46 silly currentTree ├─┬ object-copy@0.1.0
46 silly currentTree │ └── define-property@0.2.5
46 silly currentTree ├─┬ object-visit@1.0.1
46 silly currentTree │ └── isobject@3.0.1
46 silly currentTree ├── object.omit@2.0.1
46 silly currentTree ├─┬ object.pick@1.3.0
46 silly currentTree │ └── isobject@3.0.1
46 silly currentTree ├── on-finished@2.3.0
46 silly currentTree ├── once@1.4.0
46 silly currentTree ├── opener@1.4.3
46 silly currentTree ├── optimist@0.6.1
46 silly currentTree ├── os-tmpdir@1.0.2
46 silly currentTree ├── pako@1.0.6
46 silly currentTree ├── parse-glob@3.0.4
46 silly currentTree ├── parseqs@0.0.5
46 silly currentTree ├── parseuri@0.0.5
46 silly currentTree ├── parseurl@1.3.2
46 silly currentTree ├── pascalcase@0.1.1
46 silly currentTree ├── path-dirname@1.0.2
46 silly currentTree ├── path-is-absolute@1.0.1
46 silly currentTree ├── path-is-inside@1.0.2
46 silly currentTree ├── path-parse@1.0.6
46 silly currentTree ├── performance-now@2.1.0
46 silly currentTree ├── pify@2.3.0
46 silly currentTree ├── pinkie-promise@2.0.1
46 silly currentTree ├── pinkie@2.0.4
46 silly currentTree ├── portfinder@1.0.19
46 silly currentTree ├── posix-character-classes@0.1.1
46 silly currentTree ├── preserve@0.2.0
46 silly currentTree ├── process-nextick-args@2.0.0
46 silly currentTree ├─┬ protractor@5.4.1
46 silly currentTree │ ├── jasmine-core@2.8.0
46 silly currentTree │ ├── jasmine@2.8.0
46 silly currentTree │ ├── minimist@1.2.0
46 silly currentTree │ └── webdriver-manager@12.1.0
46 silly currentTree ├── psl@1.1.29
46 silly currentTree ├── punycode@1.4.1
46 silly currentTree ├── q@1.4.1
46 silly currentTree ├── qjobs@1.2.0
46 silly currentTree ├── qs@2.3.3
46 silly currentTree ├─┬ randomatic@3.1.1
46 silly currentTree │ ├── is-number@4.0.0
46 silly currentTree │ └── kind-of@6.0.2
46 silly currentTree ├── range-parser@1.2.0
46 silly currentTree ├── raw-body@2.3.3
46 silly currentTree ├── readable-stream@2.3.6
46 silly currentTree ├─┬ readdirp@2.2.1
46 silly currentTree │ ├── arr-diff@4.0.0
46 silly currentTree │ ├── array-unique@0.3.2
46 silly currentTree │ ├─┬ braces@2.3.2
46 silly currentTree │ │ └── extend-shallow@2.0.1
46 silly currentTree │ ├─┬ expand-brackets@2.1.4
46 silly currentTree │ │ ├── define-property@0.2.5
46 silly currentTree │ │ ├── extend-shallow@2.0.1
46 silly currentTree │ │ ├─┬ is-accessor-descriptor@0.1.6
46 silly currentTree │ │ │ └── kind-of@3.2.2
46 silly currentTree │ │ ├─┬ is-data-descriptor@0.1.4
46 silly currentTree │ │ │ └── kind-of@3.2.2
46 silly currentTree │ │ ├── is-descriptor@0.1.6
46 silly currentTree │ │ └── kind-of@5.1.0
46 silly currentTree │ ├─┬ extglob@2.0.4
46 silly currentTree │ │ ├── define-property@1.0.0
46 silly currentTree │ │ └── extend-shallow@2.0.1
46 silly currentTree │ ├─┬ fill-range@4.0.0
46 silly currentTree │ │ └── extend-shallow@2.0.1
46 silly currentTree │ ├── is-accessor-descriptor@1.0.0
46 silly currentTree │ ├── is-data-descriptor@1.0.0
46 silly currentTree │ ├── is-descriptor@1.0.2
46 silly currentTree │ ├─┬ is-number@3.0.0
46 silly currentTree │ │ └── kind-of@3.2.2
46 silly currentTree │ ├── isobject@3.0.1
46 silly currentTree │ ├── kind-of@6.0.2
46 silly currentTree │ └── micromatch@3.1.10
46 silly currentTree ├── regenerator-runtime@0.11.1
46 silly currentTree ├── regex-cache@0.4.4
46 silly currentTree ├── regex-not@1.0.2
46 silly currentTree ├── remove-trailing-separator@1.1.0
46 silly currentTree ├── repeat-element@1.1.3
46 silly currentTree ├── repeat-string@1.6.1
46 silly currentTree ├─┬ request@2.88.0
46 silly currentTree │ └── qs@6.5.2
46 silly currentTree ├── requires-port@1.0.0
46 silly currentTree ├── resolve-url@0.2.1
46 silly currentTree ├── resolve@1.10.0
46 silly currentTree ├── ret@0.1.15
46 silly currentTree ├── rfdc@1.1.2
46 silly currentTree ├── rimraf@2.6.2
46 silly currentTree ├── safe-buffer@5.1.2
46 silly currentTree ├── safe-regex@1.1.0
46 silly currentTree ├── safer-buffer@2.1.2
46 silly currentTree ├── saucelabs@1.5.0
46 silly currentTree ├── sax@1.2.4
46 silly currentTree ├─┬ selenium-webdriver@3.6.0
46 silly currentTree │ └── tmp@0.0.30
46 silly currentTree ├── semver@5.6.0
46 silly currentTree ├─┬ set-value@2.0.0
46 silly currentTree │ └── extend-shallow@2.0.1
46 silly currentTree ├── setprototypeof@1.1.0
46 silly currentTree ├── shell-quote@1.6.1
46 silly currentTree ├─┬ snapdragon-node@2.1.1
46 silly currentTree │ ├── define-property@1.0.0
46 silly currentTree │ ├── is-accessor-descriptor@1.0.0
46 silly currentTree │ ├── is-data-descriptor@1.0.0
46 silly currentTree │ ├── is-descriptor@1.0.2
46 silly currentTree │ ├── isobject@3.0.1
46 silly currentTree │ └── kind-of@6.0.2
46 silly currentTree ├── snapdragon-util@3.0.1
46 silly currentTree ├─┬ snapdragon@0.8.2
46 silly currentTree │ ├── define-property@0.2.5
46 silly currentTree │ └── extend-shallow@2.0.1
46 silly currentTree ├── socket.io-adapter@1.1.1
46 silly currentTree ├─┬ socket.io-client@2.1.1
46 silly currentTree │ └── debug@3.1.0
46 silly currentTree ├─┬ socket.io-parser@3.2.0
46 silly currentTree │ ├── debug@3.1.0
46 silly currentTree │ └── isarray@2.0.1
46 silly currentTree ├─┬ socket.io@2.1.1
46 silly currentTree │ └── debug@3.1.0
46 silly currentTree ├── source-map-resolve@0.5.2
46 silly currentTree ├── source-map-support@0.4.18
46 silly currentTree ├── source-map-url@0.4.0
46 silly currentTree ├── source-map@0.5.7
46 silly currentTree ├── split-string@3.1.0
46 silly currentTree ├── sshpk@1.15.1
46 silly currentTree ├─┬ static-extend@0.1.2
46 silly currentTree │ └── define-property@0.2.5
46 silly currentTree ├── statuses@1.5.0
46 silly currentTree ├─┬ streamroller@0.7.0
46 silly currentTree │ ├── debug@3.2.6
46 silly currentTree │ └── ms@2.1.1
46 silly currentTree ├── string_decoder@1.1.1
46 silly currentTree ├── strip-ansi@3.0.1
46 silly currentTree ├─┬ subarg@1.0.0
46 silly currentTree │ └── minimist@1.2.0
46 silly currentTree ├── supports-color@2.0.0
46 silly currentTree ├── tmp@0.0.33
46 silly currentTree ├── to-array@0.1.4
46 silly currentTree ├── to-object-path@0.3.0
46 silly currentTree ├─┬ to-regex-range@2.1.1
46 silly currentTree │ └── is-number@3.0.0
46 silly currentTree ├── to-regex@3.0.2
46 silly currentTree ├── tough-cookie@2.4.3
46 silly currentTree ├── tunnel-agent@0.6.0
46 silly currentTree ├── tweetnacl@0.14.5
46 silly currentTree ├── type-is@1.6.16
46 silly currentTree ├─┬ union-value@1.0.0
46 silly currentTree │ ├── extend-shallow@2.0.1
46 silly currentTree │ └── set-value@0.4.3
46 silly currentTree ├── union@0.4.6
46 silly currentTree ├── unpipe@1.0.0
46 silly currentTree ├─┬ unset-value@1.0.0
46 silly currentTree │ ├─┬ has-value@0.3.1
46 silly currentTree │ │ └── isobject@2.1.0
46 silly currentTree │ ├── has-values@0.1.4
46 silly currentTree │ └── isobject@3.0.1
46 silly currentTree ├── upath@1.1.0
46 silly currentTree ├── urix@0.1.0
46 silly currentTree ├── url-join@2.0.5
46 silly currentTree ├── use@3.1.1
46 silly currentTree ├── useragent@2.2.1
46 silly currentTree ├── util-deprecate@1.0.2
46 silly currentTree ├── utils-merge@1.0.1
46 silly currentTree ├── uuid@3.3.2
46 silly currentTree ├── verror@1.10.0
46 silly currentTree ├── void-elements@2.0.1
46 silly currentTree ├── webdriver-js-extender@2.1.0
46 silly currentTree ├── which@1.3.1
46 silly currentTree ├── wordwrap@0.0.3
46 silly currentTree ├── wrappy@1.0.2
46 silly currentTree ├── xml2js@0.4.19
46 silly currentTree ├── xmlbuilder@9.0.7
46 silly currentTree ├── xmlhttprequest-ssl@1.5.5
46 silly currentTree └── yeast@0.1.2
47 silly idealTree angular-seed@0.0.0
47 silly idealTree ├── @types/node@6.14.0
47 silly idealTree ├── @types/q@0.0.32
47 silly idealTree ├── @types/selenium-webdriver@3.0.12
47 silly idealTree ├── accepts@1.3.5
47 silly idealTree ├── adm-zip@0.4.11
47 silly idealTree ├── after@0.8.2
47 silly idealTree ├── agent-base@4.2.1
47 silly idealTree ├── ajv@5.5.2
47 silly idealTree ├── angular-loader@1.7.5
47 silly idealTree ├── angular-mocks@1.7.5
47 silly idealTree ├── angular-route@1.7.5
47 silly idealTree ├── angular@1.7.5
47 silly idealTree ├── ansi-regex@2.1.1
47 silly idealTree ├── ansi-styles@2.2.1
47 silly idealTree ├── anymatch@1.3.2
47 silly idealTree ├── arr-diff@2.0.0
47 silly idealTree ├── arr-flatten@1.1.0
47 silly idealTree ├── arr-union@3.1.0
47 silly idealTree ├── array-filter@0.0.1
47 silly idealTree ├── array-map@0.0.0
47 silly idealTree ├── array-reduce@0.0.0
47 silly idealTree ├── array-slice@0.2.3
47 silly idealTree ├── array-union@1.0.2
47 silly idealTree ├── array-uniq@1.0.3
47 silly idealTree ├── array-unique@0.2.1
47 silly idealTree ├── arraybuffer.slice@0.0.7
47 silly idealTree ├── arrify@1.0.1
47 silly idealTree ├── asn1@0.2.4
47 silly idealTree ├── assert-plus@1.0.0
47 silly idealTree ├── assign-symbols@1.0.0
47 silly idealTree ├── async-each@1.0.1
47 silly idealTree ├── async-limiter@1.0.0
47 silly idealTree ├── async@1.5.2
47 silly idealTree ├── asynckit@0.4.0
47 silly idealTree ├── atob@2.1.2
47 silly idealTree ├── aws-sign2@0.7.0
47 silly idealTree ├── aws4@1.8.0
47 silly idealTree ├── babel-runtime@6.26.0
47 silly idealTree ├── backo2@1.0.2
47 silly idealTree ├── balanced-match@1.0.0
47 silly idealTree ├─┬ base@0.11.2
47 silly idealTree │ ├── define-property@1.0.0
47 silly idealTree │ ├── is-accessor-descriptor@1.0.0
47 silly idealTree │ ├── is-data-descriptor@1.0.0
47 silly idealTree │ ├── is-descriptor@1.0.2
47 silly idealTree │ ├── isobject@3.0.1
47 silly idealTree │ └── kind-of@6.0.2
47 silly idealTree ├── base64-arraybuffer@0.1.5
47 silly idealTree ├── base64id@1.0.0
47 silly idealTree ├── bcrypt-pbkdf@1.0.2
47 silly idealTree ├── better-assert@1.0.2
47 silly idealTree ├── binary-extensions@1.12.0
47 silly idealTree ├── blob@0.0.4
47 silly idealTree ├─┬ blocking-proxy@1.0.1
47 silly idealTree │ └── minimist@1.2.0
47 silly idealTree ├── bluebird@3.5.2
47 silly idealTree ├─┬ body-parser@1.18.3
47 silly idealTree │ └── qs@6.5.2
47 silly idealTree ├── brace-expansion@1.1.11
47 silly idealTree ├── braces@1.8.5
47 silly idealTree ├── browserstack@1.5.1
47 silly idealTree ├── buffer-alloc-unsafe@1.1.0
47 silly idealTree ├── buffer-alloc@1.2.0
47 silly idealTree ├── buffer-fill@1.0.0
47 silly idealTree ├── bytes@3.0.0
47 silly idealTree ├─┬ cache-base@1.0.1
47 silly idealTree │ └── isobject@3.0.1
47 silly idealTree ├── callsite@1.0.0
47 silly idealTree ├── caseless@0.12.0
47 silly idealTree ├── chalk@1.1.3
47 silly idealTree ├── chokidar@1.7.0
47 silly idealTree ├── circular-json@0.5.9
47 silly idealTree ├─┬ class-utils@0.3.6
47 silly idealTree │ ├── define-property@0.2.5
47 silly idealTree │ └── isobject@3.0.1
47 silly idealTree ├── co@4.6.0
47 silly idealTree ├── collection-visit@1.0.0
47 silly idealTree ├── colors@1.0.3
47 silly idealTree ├─┬ combine-lists@1.0.1
47 silly idealTree │ └── lodash@4.17.11
47 silly idealTree ├── combined-stream@1.0.7
47 silly idealTree ├── component-bind@1.0.0
47 silly idealTree ├── component-emitter@1.2.1
47 silly idealTree ├── component-inherit@0.0.3
47 silly idealTree ├── concat-map@0.0.1
47 silly idealTree ├── connect@3.6.6
47 silly idealTree ├── content-type@1.0.4
47 silly idealTree ├── cookie@0.3.1
47 silly idealTree ├── copy-descriptor@0.1.1
47 silly idealTree ├── core-js@2.5.7
47 silly idealTree ├── core-util-is@1.0.2
47 silly idealTree ├── corser@2.0.1
47 silly idealTree ├── cpx@1.5.0
47 silly idealTree ├── custom-event@1.0.1
47 silly idealTree ├── dashdash@1.14.1
47 silly idealTree ├── date-format@1.2.0
47 silly idealTree ├── debug@2.6.9
47 silly idealTree ├── decode-uri-component@0.2.0
47 silly idealTree ├─┬ define-property@2.0.2
47 silly idealTree │ ├── is-accessor-descriptor@1.0.0
47 silly idealTree │ ├── is-data-descriptor@1.0.0
47 silly idealTree │ ├── is-descriptor@1.0.2
47 silly idealTree │ ├── isobject@3.0.1
47 silly idealTree │ └── kind-of@6.0.2
47 silly idealTree ├── del@2.2.2
47 silly idealTree ├── delayed-stream@1.0.0
47 silly idealTree ├── depd@1.1.2
47 silly idealTree ├── di@0.0.1
47 silly idealTree ├── dom-serialize@2.2.1
47 silly idealTree ├── duplexer@0.1.1
47 silly idealTree ├── ecc-jsbn@0.1.2
47 silly idealTree ├─┬ ecstatic@3.3.0
47 silly idealTree │ └── minimist@1.2.0
47 silly idealTree ├── ee-first@1.1.1
47 silly idealTree ├── encodeurl@1.0.2
47 silly idealTree ├─┬ engine.io-client@3.2.1
47 silly idealTree │ ├── debug@3.1.0
47 silly idealTree │ ├── ultron@1.1.1
47 silly idealTree │ └── ws@3.3.3
47 silly idealTree ├── engine.io-parser@2.1.2
47 silly idealTree ├─┬ engine.io@3.2.0
47 silly idealTree │ ├── debug@3.1.0
47 silly idealTree │ ├── ultron@1.1.1
47 silly idealTree │ └── ws@3.3.3
47 silly idealTree ├── ent@2.2.0
47 silly idealTree ├── es6-promise@4.2.5
47 silly idealTree ├── es6-promisify@5.0.0
47 silly idealTree ├── escape-html@1.0.3
47 silly idealTree ├── escape-string-regexp@1.0.5
47 silly idealTree ├── eventemitter3@3.1.0
47 silly idealTree ├── exit@0.1.2
47 silly idealTree ├─┬ expand-braces@0.1.2
47 silly idealTree │ ├── braces@0.1.5
47 silly idealTree │ ├── expand-range@0.1.1
47 silly idealTree │ ├── is-number@0.1.1
47 silly idealTree │ └── repeat-string@0.2.2
47 silly idealTree ├── expand-brackets@0.1.5
47 silly idealTree ├── expand-range@1.8.2
47 silly idealTree ├─┬ extend-shallow@3.0.2
47 silly idealTree │ └── is-extendable@1.0.1
47 silly idealTree ├── extend@3.0.2
47 silly idealTree ├── extglob@0.3.2
47 silly idealTree ├── extsprintf@1.3.0
47 silly idealTree ├── fast-deep-equal@1.1.0
47 silly idealTree ├── fast-json-stable-stringify@2.0.0
47 silly idealTree ├── filename-regex@2.0.1
47 silly idealTree ├── fill-range@2.2.4
47 silly idealTree ├─┬ finalhandler@1.1.0
47 silly idealTree │ └── statuses@1.3.1
47 silly idealTree ├── find-index@0.1.1
47 silly idealTree ├─┬ follow-redirects@1.5.9
47 silly idealTree │ └── debug@3.1.0
47 silly idealTree ├── for-in@1.0.2
47 silly idealTree ├── for-own@0.1.5
47 silly idealTree ├── forever-agent@0.6.1
47 silly idealTree ├── form-data@2.3.3
47 silly idealTree ├── fragment-cache@0.2.1
47 silly idealTree ├── fs-access@1.0.1
47 silly idealTree ├── fs.realpath@1.0.0
47 silly idealTree ├── get-value@2.0.6
47 silly idealTree ├── getpass@0.1.7
47 silly idealTree ├── glob-base@0.3.0
47 silly idealTree ├── glob-parent@2.0.0
47 silly idealTree ├── glob@7.1.3
47 silly idealTree ├── glob2base@0.0.12
47 silly idealTree ├── globby@5.0.0
47 silly idealTree ├── graceful-fs@4.1.11
47 silly idealTree ├── har-schema@2.0.0
47 silly idealTree ├── har-validator@5.1.0
47 silly idealTree ├── has-ansi@2.0.0
47 silly idealTree ├─┬ has-binary2@1.0.3
47 silly idealTree │ └── isarray@2.0.1
47 silly idealTree ├── has-cors@1.1.0
47 silly idealTree ├─┬ has-value@1.0.0
47 silly idealTree │ └── isobject@3.0.1
47 silly idealTree ├─┬ has-values@1.0.0
47 silly idealTree │ ├─┬ is-number@3.0.0
47 silly idealTree │ │ └── kind-of@3.2.2
47 silly idealTree │ └── kind-of@4.0.0
47 silly idealTree ├── he@1.2.0
47 silly idealTree ├── html5-boilerplate@0.0.1
47 silly idealTree ├── http-errors@1.6.3
47 silly idealTree ├── http-proxy@1.17.0
47 silly idealTree ├── http-server@0.11.1
47 silly idealTree ├── http-signature@1.2.0
47 silly idealTree ├─┬ https-proxy-agent@2.2.1
47 silly idealTree │ ├── debug@3.2.6
47 silly idealTree │ └── ms@2.1.1
47 silly idealTree ├── iconv-lite@0.4.23
47 silly idealTree ├── immediate@3.0.6
47 silly idealTree ├── indexof@0.0.1
47 silly idealTree ├── inflight@1.0.6
47 silly idealTree ├── inherits@2.0.3
47 silly idealTree ├── ini@1.3.5
47 silly idealTree ├── is-accessor-descriptor@0.1.6
47 silly idealTree ├── is-binary-path@1.0.1
47 silly idealTree ├── is-buffer@1.1.6
47 silly idealTree ├── is-data-descriptor@0.1.4
47 silly idealTree ├─┬ is-descriptor@0.1.6
47 silly idealTree │ └── kind-of@5.1.0
47 silly idealTree ├── is-dotfile@1.0.3
47 silly idealTree ├── is-equal-shallow@0.1.3
47 silly idealTree ├── is-extendable@0.1.1
47 silly idealTree ├── is-extglob@1.0.0
47 silly idealTree ├── is-glob@2.0.1
47 silly idealTree ├── is-number@2.1.0
47 silly idealTree ├── is-path-cwd@1.0.0
47 silly idealTree ├── is-path-in-cwd@1.0.1
47 silly idealTree ├── is-path-inside@1.0.1
47 silly idealTree ├─┬ is-plain-object@2.0.4
47 silly idealTree │ └── isobject@3.0.1
47 silly idealTree ├── is-posix-bracket@0.1.1
47 silly idealTree ├── is-primitive@2.0.0
47 silly idealTree ├── is-typedarray@1.0.0
47 silly idealTree ├── is-windows@1.0.2
47 silly idealTree ├── isarray@1.0.0
47 silly idealTree ├── isbinaryfile@3.0.3
47 silly idealTree ├── isexe@2.0.0
47 silly idealTree ├── isobject@2.1.0
47 silly idealTree ├── isstream@0.1.2
47 silly idealTree ├── jasmine-core@3.3.0
47 silly idealTree ├── jasminewd2@2.2.0
47 silly idealTree ├── jsbn@0.1.1
47 silly idealTree ├── json-schema-traverse@0.3.1
47 silly idealTree ├── json-schema@0.2.3
47 silly idealTree ├── json-stringify-safe@5.0.1
47 silly idealTree ├── jsonify@0.0.0
47 silly idealTree ├── jsprim@1.4.1
47 silly idealTree ├─┬ jszip@3.1.5
47 silly idealTree │ ├── core-js@2.3.0
47 silly idealTree │ ├── es6-promise@3.0.2
47 silly idealTree │ ├── process-nextick-args@1.0.7
47 silly idealTree │ ├── readable-stream@2.0.6
47 silly idealTree │ └── string_decoder@0.10.31
47 silly idealTree ├── karma-chrome-launcher@2.2.0
47 silly idealTree ├── karma-firefox-launcher@1.1.0
47 silly idealTree ├── karma-jasmine@1.1.2
47 silly idealTree ├─┬ karma@3.1.1
47 silly idealTree │ ├── anymatch@2.0.0
47 silly idealTree │ ├── arr-diff@4.0.0
47 silly idealTree │ ├── array-unique@0.3.2
47 silly idealTree │ ├─┬ braces@2.3.2
47 silly idealTree │ │ └── extend-shallow@2.0.1
47 silly idealTree │ ├── chokidar@2.0.4
47 silly idealTree │ ├── colors@1.3.2
47 silly idealTree │ ├─┬ expand-brackets@2.1.4
47 silly idealTree │ │ ├── define-property@0.2.5
47 silly idealTree │ │ ├── extend-shallow@2.0.1
47 silly idealTree │ │ ├─┬ is-accessor-descriptor@0.1.6
47 silly idealTree │ │ │ └── kind-of@3.2.2
47 silly idealTree │ │ ├─┬ is-data-descriptor@0.1.4
47 silly idealTree │ │ │ └── kind-of@3.2.2
47 silly idealTree │ │ ├── is-descriptor@0.1.6
47 silly idealTree │ │ └── kind-of@5.1.0
47 silly idealTree │ ├─┬ extglob@2.0.4
47 silly idealTree │ │ ├── define-property@1.0.0
47 silly idealTree │ │ └── extend-shallow@2.0.1
47 silly idealTree │ ├─┬ fill-range@4.0.0
47 silly idealTree │ │ └── extend-shallow@2.0.1
47 silly idealTree │ ├─┬ glob-parent@3.1.0
47 silly idealTree │ │ └── is-glob@3.1.0
47 silly idealTree │ ├── is-accessor-descriptor@1.0.0
47 silly idealTree │ ├── is-data-descriptor@1.0.0
47 silly idealTree │ ├── is-descriptor@1.0.2
47 silly idealTree │ ├── is-extglob@2.1.1
47 silly idealTree │ ├── is-glob@4.0.0
47 silly idealTree │ ├─┬ is-number@3.0.0
47 silly idealTree │ │ └── kind-of@3.2.2
47 silly idealTree │ ├── isobject@3.0.1
47 silly idealTree │ ├── kind-of@6.0.2
47 silly idealTree │ ├── lodash@4.17.11
47 silly idealTree │ ├── micromatch@3.1.10
47 silly idealTree │ ├── mime@2.3.1
47 silly idealTree │ └── source-map@0.6.1
47 silly idealTree ├── kind-of@3.2.2
47 silly idealTree ├── lie@3.1.1
47 silly idealTree ├── lodash.debounce@4.0.8
47 silly idealTree ├─┬ log4js@3.0.6
47 silly idealTree │ ├── debug@3.2.6
47 silly idealTree │ └── ms@2.1.1
47 silly idealTree ├── lru-cache@2.2.4
47 silly idealTree ├── map-cache@0.2.2
47 silly idealTree ├── map-visit@1.0.0
47 silly idealTree ├── math-random@1.0.4
47 silly idealTree ├── media-typer@0.3.0
47 silly idealTree ├── micromatch@2.3.11
47 silly idealTree ├── mime-db@1.37.0
47 silly idealTree ├── mime-types@2.1.21
47 silly idealTree ├── mime@1.6.0
47 silly idealTree ├── minimatch@3.0.4
47 silly idealTree ├── minimist@0.0.8
47 silly idealTree ├─┬ mixin-deep@1.3.1
47 silly idealTree │ └── is-extendable@1.0.1
47 silly idealTree ├── mkdirp@0.5.1
47 silly idealTree ├── ms@2.0.0
47 silly idealTree ├─┬ nanomatch@1.2.13
47 silly idealTree │ ├── arr-diff@4.0.0
47 silly idealTree │ ├── array-unique@0.3.2
47 silly idealTree │ └── kind-of@6.0.2
47 silly idealTree ├── negotiator@0.6.1
47 silly idealTree ├── normalize-path@2.1.1
47 silly idealTree ├── null-check@1.0.0
47 silly idealTree ├── oauth-sign@0.9.0
47 silly idealTree ├── object-assign@4.1.1
47 silly idealTree ├── object-component@0.0.3
47 silly idealTree ├─┬ object-copy@0.1.0
47 silly idealTree │ └── define-property@0.2.5
47 silly idealTree ├─┬ object-visit@1.0.1
47 silly idealTree │ └── isobject@3.0.1
47 silly idealTree ├── object.omit@2.0.1
47 silly idealTree ├─┬ object.pick@1.3.0
47 silly idealTree │ └── isobject@3.0.1
47 silly idealTree ├── on-finished@2.3.0
47 silly idealTree ├── once@1.4.0
47 silly idealTree ├── opener@1.4.3
47 silly idealTree ├── optimist@0.6.1
47 silly idealTree ├── os-tmpdir@1.0.2
47 silly idealTree ├── pako@1.0.6
47 silly idealTree ├── parse-glob@3.0.4
47 silly idealTree ├── parseqs@0.0.5
47 silly idealTree ├── parseuri@0.0.5
47 silly idealTree ├── parseurl@1.3.2
47 silly idealTree ├── pascalcase@0.1.1
47 silly idealTree ├── path-dirname@1.0.2
47 silly idealTree ├── path-is-absolute@1.0.1
47 silly idealTree ├── path-is-inside@1.0.2
47 silly idealTree ├── path-parse@1.0.6
47 silly idealTree ├── performance-now@2.1.0
47 silly idealTree ├── pify@2.3.0
47 silly idealTree ├── pinkie-promise@2.0.1
47 silly idealTree ├── pinkie@2.0.4
47 silly idealTree ├── portfinder@1.0.19
47 silly idealTree ├── posix-character-classes@0.1.1
47 silly idealTree ├── preserve@0.2.0
47 silly idealTree ├── process-nextick-args@2.0.0
47 silly idealTree ├─┬ protractor@5.4.1
47 silly idealTree │ ├── jasmine-core@2.8.0
47 silly idealTree │ ├── jasmine@2.8.0
47 silly idealTree │ ├── minimist@1.2.0
47 silly idealTree │ └── webdriver-manager@12.1.0
47 silly idealTree ├── psl@1.1.29
47 silly idealTree ├── punycode@1.4.1
47 silly idealTree ├── q@1.4.1
47 silly idealTree ├── qjobs@1.2.0
47 silly idealTree ├── qs@2.3.3
47 silly idealTree ├─┬ randomatic@3.1.1
47 silly idealTree │ ├── is-number@4.0.0
47 silly idealTree │ └── kind-of@6.0.2
47 silly idealTree ├── range-parser@1.2.0
47 silly idealTree ├── raw-body@2.3.3
47 silly idealTree ├── readable-stream@2.3.6
47 silly idealTree ├─┬ readdirp@2.2.1
47 silly idealTree │ ├── arr-diff@4.0.0
47 silly idealTree │ ├── array-unique@0.3.2
47 silly idealTree │ ├─┬ braces@2.3.2
47 silly idealTree │ │ └── extend-shallow@2.0.1
47 silly idealTree │ ├─┬ expand-brackets@2.1.4
47 silly idealTree │ │ ├── define-property@0.2.5
47 silly idealTree │ │ ├── extend-shallow@2.0.1
47 silly idealTree │ │ ├─┬ is-accessor-descriptor@0.1.6
47 silly idealTree │ │ │ └── kind-of@3.2.2
47 silly idealTree │ │ ├─┬ is-data-descriptor@0.1.4
47 silly idealTree │ │ │ └── kind-of@3.2.2
47 silly idealTree │ │ ├── is-descriptor@0.1.6
47 silly idealTree │ │ └── kind-of@5.1.0
47 silly idealTree │ ├─┬ extglob@2.0.4
47 silly idealTree │ │ ├── define-property@1.0.0
47 silly idealTree │ │ └── extend-shallow@2.0.1
47 silly idealTree │ ├─┬ fill-range@4.0.0
47 silly idealTree │ │ └── extend-shallow@2.0.1
47 silly idealTree │ ├── is-accessor-descriptor@1.0.0
47 silly idealTree │ ├── is-data-descriptor@1.0.0
47 silly idealTree │ ├── is-descriptor@1.0.2
47 silly idealTree │ ├─┬ is-number@3.0.0
47 silly idealTree │ │ └── kind-of@3.2.2
47 silly idealTree │ ├── isobject@3.0.1
47 silly idealTree │ ├── kind-of@6.0.2
47 silly idealTree │ └── micromatch@3.1.10
47 silly idealTree ├── regenerator-runtime@0.11.1
47 silly idealTree ├── regex-cache@0.4.4
47 silly idealTree ├── regex-not@1.0.2
47 silly idealTree ├── remove-trailing-separator@1.1.0
47 silly idealTree ├── repeat-element@1.1.3
47 silly idealTree ├── repeat-string@1.6.1
47 silly idealTree ├─┬ request@2.88.0
47 silly idealTree │ └── qs@6.5.2
47 silly idealTree ├── requires-port@1.0.0
47 silly idealTree ├── resolve-url@0.2.1
47 silly idealTree ├── resolve@1.10.0
47 silly idealTree ├── ret@0.1.15
47 silly idealTree ├── rfdc@1.1.2
47 silly idealTree ├── rimraf@2.6.2
47 silly idealTree ├── safe-buffer@5.1.2
47 silly idealTree ├── safe-regex@1.1.0
47 silly idealTree ├── safer-buffer@2.1.2
47 silly idealTree ├── saucelabs@1.5.0
47 silly idealTree ├── sax@1.2.4
47 silly idealTree ├─┬ selenium-webdriver@3.6.0
47 silly idealTree │ └── tmp@0.0.30
47 silly idealTree ├── semver@5.6.0
47 silly idealTree ├─┬ set-value@2.0.0
47 silly idealTree │ └── extend-shallow@2.0.1
47 silly idealTree ├── setprototypeof@1.1.0
47 silly idealTree ├── shell-quote@1.6.1
47 silly idealTree ├─┬ snapdragon-node@2.1.1
47 silly idealTree │ ├── define-property@1.0.0
47 silly idealTree │ ├── is-accessor-descriptor@1.0.0
47 silly idealTree │ ├── is-data-descriptor@1.0.0
47 silly idealTree │ ├── is-descriptor@1.0.2
47 silly idealTree │ ├── isobject@3.0.1
47 silly idealTree │ └── kind-of@6.0.2
47 silly idealTree ├── snapdragon-util@3.0.1
47 silly idealTree ├─┬ snapdragon@0.8.2
47 silly idealTree │ ├── define-property@0.2.5
47 silly idealTree │ └── extend-shallow@2.0.1
47 silly idealTree ├── socket.io-adapter@1.1.1
47 silly idealTree ├─┬ socket.io-client@2.1.1
47 silly idealTree │ └── debug@3.1.0
47 silly idealTree ├─┬ socket.io-parser@3.2.0
47 silly idealTree │ ├── debug@3.1.0
47 silly idealTree │ └── isarray@2.0.1
47 silly idealTree ├─┬ socket.io@2.1.1
47 silly idealTree │ └── debug@3.1.0
47 silly idealTree ├── source-map-resolve@0.5.2
47 silly idealTree ├── source-map-support@0.4.18
47 silly idealTree ├── source-map-url@0.4.0
47 silly idealTree ├── source-map@0.5.7
47 silly idealTree ├── split-string@3.1.0
47 silly idealTree ├── sshpk@1.15.1
47 silly idealTree ├─┬ static-extend@0.1.2
47 silly idealTree │ └── define-property@0.2.5
47 silly idealTree ├── statuses@1.5.0
47 silly idealTree ├─┬ streamroller@0.7.0
47 silly idealTree │ ├── debug@3.2.6
47 silly idealTree │ └── ms@2.1.1
47 silly idealTree ├── string_decoder@1.1.1
47 silly idealTree ├── strip-ansi@3.0.1
47 silly idealTree ├─┬ subarg@1.0.0
47 silly idealTree │ └── minimist@1.2.0
47 silly idealTree ├── supports-color@2.0.0
47 silly idealTree ├── tmp@0.0.33
47 silly idealTree ├── to-array@0.1.4
47 silly idealTree ├── to-object-path@0.3.0
47 silly idealTree ├─┬ to-regex-range@2.1.1
47 silly idealTree │ └── is-number@3.0.0
47 silly idealTree ├── to-regex@3.0.2
47 silly idealTree ├── tough-cookie@2.4.3
47 silly idealTree ├── tunnel-agent@0.6.0
47 silly idealTree ├── tweetnacl@0.14.5
47 silly idealTree ├── type-is@1.6.16
47 silly idealTree ├─┬ union-value@1.0.0
47 silly idealTree │ ├── extend-shallow@2.0.1
47 silly idealTree │ └── set-value@0.4.3
47 silly idealTree ├── union@0.4.6
47 silly idealTree ├── unpipe@1.0.0
47 silly idealTree ├─┬ unset-value@1.0.0
47 silly idealTree │ ├─┬ has-value@0.3.1
47 silly idealTree │ │ └── isobject@2.1.0
47 silly idealTree │ ├── has-values@0.1.4
47 silly idealTree │ └── isobject@3.0.1
47 silly idealTree ├── upath@1.1.0
47 silly idealTree ├── urix@0.1.0
47 silly idealTree ├── url-join@2.0.5
47 silly idealTree ├── use@3.1.1
47 silly idealTree ├── useragent@2.2.1
47 silly idealTree ├── util-deprecate@1.0.2
47 silly idealTree ├── utils-merge@1.0.1
47 silly idealTree ├── uuid@3.3.2
47 silly idealTree ├── verror@1.10.0
47 silly idealTree ├── void-elements@2.0.1
47 silly idealTree ├── webdriver-js-extender@2.1.0
47 silly idealTree ├── which@1.3.1
47 silly idealTree ├── wordwrap@0.0.3
47 silly idealTree ├── wrappy@1.0.2
47 silly idealTree ├── xml2js@0.4.19
47 silly idealTree ├── xmlbuilder@9.0.7
47 silly idealTree ├── xmlhttprequest-ssl@1.5.5
47 silly idealTree └── yeast@0.1.2
48 silly generateActionsToTake Starting
49 silly install generateActionsToTake
50 silly generateActionsToTake Finishing
51 silly diffTrees action count 0
52 silly decomposeActions action count 0
53 silly executeActions Starting
54 silly install executeActions
55 silly doSerial global-install 0
56 silly doParallel fetch 0
57 verbose lock using /home/mithu/.npm/_locks/staging-3245ccbc8d9b08a4.lock for /home/mithu/work/angular-seed/node_modules/.staging
58 silly doParallel extract 0
59 silly doParallel preinstall 0
60 silly doReverseSerial remove 0
61 silly doSerial move 0
62 silly doSerial finalize 0
63 silly doSerial build 0
64 silly doSerial global-link 0
65 silly doParallel update-linked 0
66 silly doSerial install 0
67 silly doSerial postinstall 0
68 verbose unlock done using /home/mithu/.npm/_locks/staging-3245ccbc8d9b08a4.lock for /home/mithu/work/angular-seed/node_modules/.staging
69 silly executeActions Finishing
70 silly rollbackFailedOptional Starting
71 silly rollbackFailedOptional Finishing
72 silly runTopLevelLifecycles Starting
73 silly install runTopLevelLifecycles
74 silly preinstall angular-seed@0.0.0 /home/mithu/work/angular-seed/angular-seed-28015eb4
75 info lifecycle angular-seed@0.0.0~preinstall: angular-seed@0.0.0
76 silly lifecycle angular-seed@0.0.0~preinstall: no script for preinstall, continuing
77 silly build angular-seed@0.0.0
78 info linkStuff angular-seed@0.0.0
79 silly linkStuff angular-seed@0.0.0 has /home/mithu/work as its parent node_modules
80 verbose linkBins angular-seed@0.0.0
81 verbose linkMans angular-seed@0.0.0
82 silly install angular-seed@0.0.0 /home/mithu/work/angular-seed/angular-seed-28015eb4
83 info lifecycle angular-seed@0.0.0~install: angular-seed@0.0.0
84 silly lifecycle angular-seed@0.0.0~install: no script for install, continuing
85 silly postinstall angular-seed@0.0.0 /home/mithu/work/angular-seed/angular-seed-28015eb4
86 info lifecycle angular-seed@0.0.0~postinstall: angular-seed@0.0.0
87 verbose lifecycle angular-seed@0.0.0~postinstall: unsafe-perm in lifecycle true
88 verbose lifecycle angular-seed@0.0.0~postinstall: PATH: /usr/share/npm/bin/node-gyp-bin:/home/mithu/work/angular-seed/node_modules/.bin:/home/mithu/bin:/home/mithu/.local/bin:/home/mithu/bin:/home/mithu/.local/bin:/usr/local/sbin:/usr/local/bin:/usr/sbin:/usr/bin:/sbin:/bin:/usr/games:/usr/local/games:/snap/bin:/snap/bin
89 verbose lifecycle angular-seed@0.0.0~postinstall: CWD: /home/mithu/work/angular-seed
90 silly lifecycle angular-seed@0.0.0~postinstall: Args: [ '-c', 'npm run copy-libs' ]
91 silly lifecycle angular-seed@0.0.0~postinstall: Returned: code: 1  signal: null
92 info lifecycle angular-seed@0.0.0~postinstall: Failed to exec postinstall script
93 warn optional Skipping failed optional dependency /chokidar/fsevents:
94 warn notsup Not compatible with your operating system or architecture: fsevents@1.2.7
95 warn optional Skipping failed optional dependency /karma/chokidar/fsevents:
96 warn notsup Not compatible with your operating system or architecture: fsevents@1.2.7
97 verbose stack Error: angular-seed@0.0.0 postinstall: `npm run copy-libs`
97 verbose stack Exit status 1
97 verbose stack     at EventEmitter.<anonymous> (/usr/share/npm/lib/utils/lifecycle.js:232:16)
97 verbose stack     at emitTwo (events.js:87:13)
97 verbose stack     at EventEmitter.emit (events.js:172:7)
97 verbose stack     at ChildProcess.<anonymous> (/usr/share/npm/lib/utils/spawn.js:24:14)
97 verbose stack     at emitTwo (events.js:87:13)
97 verbose stack     at ChildProcess.emit (events.js:172:7)
97 verbose stack     at maybeClose (internal/child_process.js:821:16)
97 verbose stack     at Process.ChildProcess._handle.onexit (internal/child_process.js:211:5)
98 verbose pkgid angular-seed@0.0.0
99 verbose cwd /home/mithu/work/angular-seed
100 error Linux 4.4.0-31-generic
101 error argv "/usr/bin/nodejs" "/usr/bin/npm" "install"
102 error node v4.2.6
103 error npm  v3.5.2
104 error code ELIFECYCLE
105 error angular-seed@0.0.0 postinstall: `npm run copy-libs`
105 error Exit status 1
106 error Failed at the angular-seed@0.0.0 postinstall script 'npm run copy-libs'.
106 error Make sure you have the latest version of node.js and npm installed.
106 error If you do, this is most likely a problem with the angular-seed package,
106 error not with npm itself.
106 error Tell the author that this fails on your system:
106 error     npm run copy-libs
106 error You can get information on how to open an issue for this project with:
106 error     npm bugs angular-seed
106 error Or if that isn't available, you can get their info via:
106 error     npm owner ls angular-seed
106 error There is likely additional logging output above.
107 verbose exit [ 1, true ]
